<?xml version="1.0" encoding="UTF-8"?>
<!-- Generated by org.testng.reporters.JUnitXMLReporter -->
<testsuite ignored="1" hostname="LAPTOP-3PBEUFOV" failures="1" tests="1" name="Default test(failed)" time="0.061" errors="0" timestamp="2022-01-01T05:07:05 IST">
  <testcase classname="testngdisscussion.SoftAssertDisc" name="testCase2" time="0.015">
    <failure type="java.lang.AssertionError" message="The following asserts failed:
	expected [gjg] but found [abc]">
      <![CDATA[java.lang.AssertionError: The following asserts failed:
expected [gjg] but found [abc]
at testngdisscussion.SoftAssertDisc.testCase2(SoftAssertDisc.java:43)
at java.base/java.util.ArrayList.forEach(ArrayList.java:1511)
... Removed 29 stack frames]]>
    </failure>
  </testcase> <!-- testCase2 -->
  <testcase classname="testngdisscussion.SoftAssertDisc" name="testCase1" time="0.0">
    <ignored/>
  </testcase> <!-- testCase1 -->
</testsuite> <!-- Default test(failed) -->
