<?xml version="1.0" encoding="UTF-8"?>
<!-- Generated by org.testng.reporters.JUnitXMLReporter -->
<testsuite ignored="0" hostname="LAPTOP-3PBEUFOV" failures="0" tests="4" name="Module 1" time="0.082" errors="0" timestamp="2021-12-23T07:07:55 IST">
  <testcase classname="testngdisscussion.TestClass1" name="loginWithCorrectCredentials" time="0.017"/>
  <testcase classname="testngdisscussion.TestClass1" name="loginWithIncorrectCredentials" time="0.001"/>
  <testcase classname="testngdisscussion.TestClass2" name="profileSection" time="0.002"/>
  <testcase classname="testngdisscussion.TestClass2" name="urlValidation" time="0.001"/>
</testsuite> <!-- Module 1 -->
