<?xml version="1.0" encoding="UTF-8"?>
<!-- Generated by org.testng.reporters.JUnitXMLReporter -->
<testsuite ignored="0" hostname="LAPTOP-3PBEUFOV" failures="0" tests="4" name="Test" time="0.077" errors="0" timestamp="2021-12-28T04:42:48 IST">
  <testcase classname="testngdisscussion.Annotations" name="testCase1" time="0.008"/>
  <testcase classname="testngdisscussion.Annotations" name="testCase2" time="0.001"/>
  <testcase classname="testngdisscussion.Annotations2" name="testCase3" time="0.001"/>
  <testcase classname="testngdisscussion.Annotations2" name="testCase4" time="0.002"/>
</testsuite> <!-- Test -->
