<?xml version="1.0" encoding="UTF-8"?>
<!-- Generated by org.testng.reporters.JUnitXMLReporter -->
<testsuite ignored="3" hostname="LAPTOP-3PBEUFOV" failures="0" tests="1" name="Test" time="0.044" errors="0" timestamp="2022-01-15T20:11:22 IST">
  <testcase classname="testngdisscussion.InclusionAndExclusionTestCases" name="home" time="0.006"/>
  <testcase classname="testngdisscussion.InclusionAndExclusionTestCases" name="login" time="0.0">
    <ignored/>
  </testcase> <!-- login -->
  <testcase classname="testngdisscussion.InclusionAndExclusionTestCases" name="profile" time="0.0">
    <ignored/>
  </testcase> <!-- profile -->
  <testcase classname="testngdisscussion.InclusionAndExclusionTestCases" name="logoff" time="0.0">
    <ignored/>
  </testcase> <!-- logoff -->
</testsuite> <!-- Test -->
