<?xml version="1.0" encoding="UTF-8"?>
<!-- Generated by org.testng.reporters.JUnitXMLReporter -->
<testsuite ignored="0" hostname="LAPTOP-3PBEUFOV" failures="1" tests="3" name="Listener Practice Test" time="25.15" errors="0" timestamp="2022-01-02T07:01:02 IST">
  <testcase classname="testngdisscussion.ListenerTest2" name="loginTest" time="24.004">
    <failure type="java.lang.AssertionError" message="expected [Invalid Credentiials] but found [Invalid credentials]">
      <![CDATA[java.lang.AssertionError: expected [Invalid Credentiials] but found [Invalid credentials]
at testngdisscussion.ListenerTest2.loginTest(ListenerTest2.java:46)
at java.base/java.util.ArrayList.forEach(ArrayList.java:1511)
... Removed 33 stack frames]]>
    </failure>
  </testcase> <!-- loginTest -->
  <testcase classname="testngdisscussion.ListenerTest2" name="home" time="0.0">
    <skipped/>
  </testcase> <!-- home -->
  <testcase classname="testngdisscussion.ListenerTest2" name="profile" time="0.002"/>
</testsuite> <!-- Listener Practice Test -->
