<?xml version="1.0" encoding="UTF-8"?>
<testng-results ignored="3" total="4" passed="1" failed="0" skipped="0">
  <reporter-output>
  </reporter-output>
  <suite started-at="2022-01-15T20:11:22 IST" name="Suite" finished-at="2022-01-15T20:11:22 IST" duration-ms="44">
    <groups>
    </groups>
    <test started-at="2022-01-15T20:11:22 IST" name="Test" finished-at="2022-01-15T20:11:22 IST" duration-ms="44">
      <class name="testngdisscussion.InclusionAndExclusionTestCases">
        <test-method is-config="true" signature="beforeSuite()[pri:0, instance:testngdisscussion.InclusionAndExclusionTestCases@71ba6d4e]" started-at="2022-01-15T20:11:22 IST" name="beforeSuite" finished-at="2022-01-15T20:11:22 IST" duration-ms="10" status="PASS">
          <reporter-output>
          </reporter-output>
        </test-method> <!-- beforeSuite -->
        <test-method is-config="true" signature="beforeClass()[pri:0, instance:testngdisscussion.InclusionAndExclusionTestCases@71ba6d4e]" started-at="2022-01-15T20:11:22 IST" name="beforeClass" finished-at="2022-01-15T20:11:22 IST" duration-ms="0" status="PASS">
          <reporter-output>
          </reporter-output>
        </test-method> <!-- beforeClass -->
        <test-method signature="home()[pri:3, instance:testngdisscussion.InclusionAndExclusionTestCases@71ba6d4e]" started-at="2022-01-15T20:11:22 IST" name="home" finished-at="2022-01-15T20:11:22 IST" duration-ms="6" status="PASS">
          <reporter-output>
          </reporter-output>
        </test-method> <!-- home -->
      </class> <!-- testngdisscussion.InclusionAndExclusionTestCases -->
    </test> <!-- Test -->
  </suite> <!-- Suite -->
</testng-results>
